Input driver version is 1.0.1
Input device ID: bus 0x18 vendor 0x56a product 0x5020 version 0x100
Input device name: "Wacom HID 5020 Finger"
Supported events:
  Event type 0 (EV_SYN)
  Event type 1 (EV_KEY)
    Event code 330 (BTN_TOUCH)
  Event type 3 (EV_ABS)
    Event code 0 (ABS_X)
      Value   8294
      Min        0
      Max     8672
      Resolution      40
    Event code 1 (ABS_Y)
      Value   4207
      Min        0
      Max     5420
      Resolution      40
    Event code 47 (ABS_MT_SLOT)
      Value      0
      Min        0
      Max        9
    Event code 53 (ABS_MT_POSITION_X)
      Value      0
      Min        0
      Max     8672
      Fuzz       4
      Resolution      40
    Event code 54 (ABS_MT_POSITION_Y)
      Value      0
      Min        0
      Max     5420
      Fuzz       4
      Resolution      40
    Event code 57 (ABS_MT_TRACKING_ID)
      Value      0
      Min        0
      Max    65535
  Event type 4 (EV_MSC)
    Event code 5 (MSC_TIMESTAMP)
Properties:
  Property type 1 (INPUT_PROP_DIRECT)
Testing ... (interrupt to exit)
Event: time 1733421457.210305, type 3 (EV_ABS), code 57 (ABS_MT_TRACKING_ID), value 62
Event: time 1733421457.210305, type 3 (EV_ABS), code 53 (ABS_MT_POSITION_X), value 8521
Event: time 1733421457.210305, type 3 (EV_ABS), code 54 (ABS_MT_POSITION_Y), value 5291
Event: time 1733421457.210305, type 1 (EV_KEY), code 330 (BTN_TOUCH), value 1
Event: time 1733421457.210305, type 3 (EV_ABS), code 0 (ABS_X), value 8521
Event: time 1733421457.210305, type 3 (EV_ABS), code 1 (ABS_Y), value 5291
Event: time 1733421457.210305, -------------- SYN_REPORT ------------
Event: time 1733421457.264038, type 3 (EV_ABS), code 53 (ABS_MT_POSITION_X), value 8520
Event: time 1733421457.264038, type 3 (EV_ABS), code 0 (ABS_X), value 8520
Event: time 1733421457.264038, -------------- SYN_REPORT ------------
Event: time 1733421457.274189, type 3 (EV_ABS), code 53 (ABS_MT_POSITION_X), value 8519
Event: time 1733421457.274189, type 3 (EV_ABS), code 0 (ABS_X), value 8519
Event: time 1733421457.274189, -------------- SYN_REPORT ------------
Event: time 1733421457.284180, type 3 (EV_ABS), code 53 (ABS_MT_POSITION_X), value 8518
Event: time 1733421457.284180, type 3 (EV_ABS), code 0 (ABS_X), value 8518
Event: time 1733421457.284180, -------------- SYN_REPORT ------------
Event: time 1733421457.293894, type 3 (EV_ABS), code 53 (ABS_MT_POSITION_X), value 8517
Event: time 1733421457.293894, type 3 (EV_ABS), code 0 (ABS_X), value 8517
Event: time 1733421457.293894, -------------- SYN_REPORT ------------
Event: time 1733421457.303860, type 3 (EV_ABS), code 53 (ABS_MT_POSITION_X), value 8516
Event: time 1733421457.303860, type 3 (EV_ABS), code 0 (ABS_X), value 8516
Event: time 1733421457.303860, -------------- SYN_REPORT ------------
Event: time 1733421457.313404, type 3 (EV_ABS), code 53 (ABS_MT_POSITION_X), value 8515
Event: time 1733421457.313404, type 3 (EV_ABS), code 0 (ABS_X), value 8515
Event: time 1733421457.313404, -------------- SYN_REPORT ------------
Event: time 1733421457.323798, type 3 (EV_ABS), code 53 (ABS_MT_POSITION_X), value 8514
Event: time 1733421457.323798, type 3 (EV_ABS), code 0 (ABS_X), value 8514
Event: time 1733421457.323798, -------------- SYN_REPORT ------------
Event: time 1733421457.333646, type 3 (EV_ABS), code 53 (ABS_MT_POSITION_X), value 8513
Event: time 1733421457.333646, type 3 (EV_ABS), code 0 (ABS_X), value 8513
Event: time 1733421457.333646, -------------- SYN_REPORT ------------
Event: time 1733421457.343986, type 3 (EV_ABS), code 53 (ABS_MT_POSITION_X), value 8512
Event: time 1733421457.343986, type 3 (EV_ABS), code 0 (ABS_X), value 8512
Event: time 1733421457.343986, -------------- SYN_REPORT ------------
Event: time 1733421457.353924, type 3 (EV_ABS), code 53 (ABS_MT_POSITION_X), value 8511
Event: time 1733421457.353924, type 3 (EV_ABS), code 0 (ABS_X), value 8511
Event: time 1733421457.353924, -------------- SYN_REPORT ------------
Event: time 1733421457.363596, type 3 (EV_ABS), code 53 (ABS_MT_POSITION_X), value 8510
Event: time 1733421457.363596, type 3 (EV_ABS), code 0 (ABS_X), value 8510
Event: time 1733421457.363596, -------------- SYN_REPORT ------------
Event: time 1733421457.373733, type 3 (EV_ABS), code 53 (ABS_MT_POSITION_X), value 8509
Event: time 1733421457.373733, type 3 (EV_ABS), code 0 (ABS_X), value 8509
Event: time 1733421457.373733, -------------- SYN_REPORT ------------
Event: time 1733421457.383857, type 3 (EV_ABS), code 53 (ABS_MT_POSITION_X), value 8508
Event: time 1733421457.383857, type 3 (EV_ABS), code 0 (ABS_X), value 8508
Event: time 1733421457.383857, -------------- SYN_REPORT ------------
Event: time 1733421457.393608, type 3 (EV_ABS), code 53 (ABS_MT_POSITION_X), value 8507
Event: time 1733421457.393608, type 3 (EV_ABS), code 0 (ABS_X), value 8507
Event: time 1733421457.393608, -------------- SYN_REPORT ------------
Event: time 1733421457.403629, type 3 (EV_ABS), code 53 (ABS_MT_POSITION_X), value 8506
Event: time 1733421457.403629, type 3 (EV_ABS), code 0 (ABS_X), value 8506
Event: time 1733421457.403629, -------------- SYN_REPORT ------------
Event: time 1733421457.414188, type 3 (EV_ABS), code 53 (ABS_MT_POSITION_X), value 8505
Event: time 1733421457.414188, type 3 (EV_ABS), code 0 (ABS_X), value 8505
Event: time 1733421457.414188, -------------- SYN_REPORT ------------
Event: time 1733421457.423967, type 3 (EV_ABS), code 53 (ABS_MT_POSITION_X), value 8504
Event: time 1733421457.423967, type 3 (EV_ABS), code 0 (ABS_X), value 8504
Event: time 1733421457.423967, -------------- SYN_REPORT ------------
Event: time 1733421457.433821, type 3 (EV_ABS), code 53 (ABS_MT_POSITION_X), value 8503
Event: time 1733421457.433821, type 3 (EV_ABS), code 0 (ABS_X), value 8503
Event: time 1733421457.433821, -------------- SYN_REPORT ------------
Event: time 1733421457.443865, type 3 (EV_ABS), code 53 (ABS_MT_POSITION_X), value 8502
Event: time 1733421457.443865, type 3 (EV_ABS), code 0 (ABS_X), value 8502
Event: time 1733421457.443865, -------------- SYN_REPORT ------------
Event: time 1733421457.453883, type 3 (EV_ABS), code 53 (ABS_MT_POSITION_X), value 8501
Event: time 1733421457.453883, type 3 (EV_ABS), code 0 (ABS_X), value 8501
Event: time 1733421457.453883, -------------- SYN_REPORT ------------
Event: time 1733421457.463720, type 3 (EV_ABS), code 53 (ABS_MT_POSITION_X), value 8500
Event: time 1733421457.463720, type 3 (EV_ABS), code 0 (ABS_X), value 8500
Event: time 1733421457.463720, -------------- SYN_REPORT ------------
Event: time 1733421457.483848, type 3 (EV_ABS), code 53 (ABS_MT_POSITION_X), value 8499
Event: time 1733421457.483848, type 3 (EV_ABS), code 0 (ABS_X), value 8499
Event: time 1733421457.483848, -------------- SYN_REPORT ------------
Event: time 1733421457.494003, type 3 (EV_ABS), code 53 (ABS_MT_POSITION_X), value 8498
Event: time 1733421457.494003, type 3 (EV_ABS), code 0 (ABS_X), value 8498
Event: time 1733421457.494003, -------------- SYN_REPORT ------------
Event: time 1733421457.523962, type 3 (EV_ABS), code 53 (ABS_MT_POSITION_X), value 8497
Event: time 1733421457.523962, type 3 (EV_ABS), code 0 (ABS_X), value 8497
Event: time 1733421457.523962, -------------- SYN_REPORT ------------
Event: time 1733421457.964725, type 3 (EV_ABS), code 53 (ABS_MT_POSITION_X), value 8496
Event: time 1733421457.964725, type 3 (EV_ABS), code 0 (ABS_X), value 8496
Event: time 1733421457.964725, -------------- SYN_REPORT ------------
Event: time 1733421458.084880, type 3 (EV_ABS), code 47 (ABS_MT_SLOT), value 1
Event: time 1733421458.084880, type 3 (EV_ABS), code 57 (ABS_MT_TRACKING_ID), value 63
Event: time 1733421458.084880, type 3 (EV_ABS), code 53 (ABS_MT_POSITION_X), value 87
Event: time 1733421458.084880, type 3 (EV_ABS), code 54 (ABS_MT_POSITION_Y), value 177
Event: time 1733421458.084880, -------------- SYN_REPORT ------------
Event: time 1733421458.145295, type 3 (EV_ABS), code 53 (ABS_MT_POSITION_X), value 89
Event: time 1733421458.145295, type 3 (EV_ABS), code 54 (ABS_MT_POSITION_Y), value 179
Event: time 1733421458.145295, -------------- SYN_REPORT ------------
Event: time 1733421458.165249, type 3 (EV_ABS), code 53 (ABS_MT_POSITION_X), value 91
Event: time 1733421458.165249, -------------- SYN_REPORT ------------
Event: time 1733421458.175390, type 3 (EV_ABS), code 47 (ABS_MT_SLOT), value 0
Event: time 1733421458.175390, type 3 (EV_ABS), code 53 (ABS_MT_POSITION_X), value 8495
Event: time 1733421458.175390, type 3 (EV_ABS), code 0 (ABS_X), value 8495
Event: time 1733421458.175390, -------------- SYN_REPORT ------------
Event: time 1733421458.185535, type 3 (EV_ABS), code 47 (ABS_MT_SLOT), value 1
Event: time 1733421458.185535, type 3 (EV_ABS), code 53 (ABS_MT_POSITION_X), value 93
Event: time 1733421458.185535, -------------- SYN_REPORT ------------
Event: time 1733421458.204886, type 3 (EV_ABS), code 53 (ABS_MT_POSITION_X), value 95
Event: time 1733421458.204886, -------------- SYN_REPORT ------------
Event: time 1733421458.214787, type 3 (EV_ABS), code 47 (ABS_MT_SLOT), value 0
Event: time 1733421458.214787, type 3 (EV_ABS), code 53 (ABS_MT_POSITION_X), value 8494
Event: time 1733421458.214787, type 3 (EV_ABS), code 0 (ABS_X), value 8494
Event: time 1733421458.214787, -------------- SYN_REPORT ------------
Event: time 1733421458.225156, type 3 (EV_ABS), code 47 (ABS_MT_SLOT), value 1
Event: time 1733421458.225156, type 3 (EV_ABS), code 53 (ABS_MT_POSITION_X), value 97
Event: time 1733421458.225156, -------------- SYN_REPORT ------------
Event: time 1733421458.235201, type 3 (EV_ABS), code 47 (ABS_MT_SLOT), value 0
Event: time 1733421458.235201, type 3 (EV_ABS), code 53 (ABS_MT_POSITION_X), value 8493
Event: time 1733421458.235201, type 3 (EV_ABS), code 0 (ABS_X), value 8493
Event: time 1733421458.235201, -------------- SYN_REPORT ------------
Event: time 1733421458.245133, type 3 (EV_ABS), code 47 (ABS_MT_SLOT), value 1
Event: time 1733421458.245133, type 3 (EV_ABS), code 53 (ABS_MT_POSITION_X), value 99
Event: time 1733421458.245133, -------------- SYN_REPORT ------------
Event: time 1733421458.265791, type 3 (EV_ABS), code 53 (ABS_MT_POSITION_X), value 101
Event: time 1733421458.265791, -------------- SYN_REPORT ------------
Event: time 1733421458.275653, type 3 (EV_ABS), code 47 (ABS_MT_SLOT), value 0
Event: time 1733421458.275653, type 3 (EV_ABS), code 53 (ABS_MT_POSITION_X), value 8492
Event: time 1733421458.275653, type 3 (EV_ABS), code 0 (ABS_X), value 8492
Event: time 1733421458.275653, -------------- SYN_REPORT ------------
Event: time 1733421458.285551, type 3 (EV_ABS), code 47 (ABS_MT_SLOT), value 1
Event: time 1733421458.285551, type 3 (EV_ABS), code 53 (ABS_MT_POSITION_X), value 103
Event: time 1733421458.285551, -------------- SYN_REPORT ------------
Event: time 1733421458.295475, type 3 (EV_ABS), code 54 (ABS_MT_POSITION_Y), value 178
Event: time 1733421458.295475, -------------- SYN_REPORT ------------
Event: time 1733421458.305118, type 3 (EV_ABS), code 53 (ABS_MT_POSITION_X), value 105
Event: time 1733421458.305118, type 3 (EV_ABS), code 54 (ABS_MT_POSITION_Y), value 177
Event: time 1733421458.305118, -------------- SYN_REPORT ------------
Event: time 1733421458.315198, type 3 (EV_ABS), code 54 (ABS_MT_POSITION_Y), value 176
Event: time 1733421458.315198, -------------- SYN_REPORT ------------
Event: time 1733421458.325752, type 3 (EV_ABS), code 53 (ABS_MT_POSITION_X), value 107
Event: time 1733421458.325752, type 3 (EV_ABS), code 54 (ABS_MT_POSITION_Y), value 175
Event: time 1733421458.325752, -------------- SYN_REPORT ------------
Event: time 1733421458.335738, type 3 (EV_ABS), code 54 (ABS_MT_POSITION_Y), value 174
Event: time 1733421458.335738, -------------- SYN_REPORT ------------
Event: time 1733421458.345690, type 3 (EV_ABS), code 54 (ABS_MT_POSITION_Y), value 173
Event: time 1733421458.345690, -------------- SYN_REPORT ------------
Event: time 1733421458.355539, type 3 (EV_ABS), code 47 (ABS_MT_SLOT), value 0
Event: time 1733421458.355539, type 3 (EV_ABS), code 53 (ABS_MT_POSITION_X), value 8491
Event: time 1733421458.355539, type 3 (EV_ABS), code 47 (ABS_MT_SLOT), value 1
Event: time 1733421458.355539, type 3 (EV_ABS), code 54 (ABS_MT_POSITION_Y), value 172
Event: time 1733421458.355539, type 3 (EV_ABS), code 0 (ABS_X), value 8491
Event: time 1733421458.355539, -------------- SYN_REPORT ------------
Event: time 1733421458.365359, type 3 (EV_ABS), code 47 (ABS_MT_SLOT), value 0
Event: time 1733421458.365359, type 3 (EV_ABS), code 53 (ABS_MT_POSITION_X), value 8490
Event: time 1733421458.365359, type 3 (EV_ABS), code 47 (ABS_MT_SLOT), value 1
Event: time 1733421458.365359, type 3 (EV_ABS), code 53 (ABS_MT_POSITION_X), value 109
Event: time 1733421458.365359, type 3 (EV_ABS), code 54 (ABS_MT_POSITION_Y), value 171
Event: time 1733421458.365359, type 3 (EV_ABS), code 0 (ABS_X), value 8490
Event: time 1733421458.365359, -------------- SYN_REPORT ------------
Event: time 1733421458.375251, type 3 (EV_ABS), code 54 (ABS_MT_POSITION_Y), value 170
Event: time 1733421458.375251, -------------- SYN_REPORT ------------
Event: time 1733421458.385610, type 3 (EV_ABS), code 47 (ABS_MT_SLOT), value 0
Event: time 1733421458.385610, type 3 (EV_ABS), code 53 (ABS_MT_POSITION_X), value 8489
Event: time 1733421458.385610, type 3 (EV_ABS), code 47 (ABS_MT_SLOT), value 1
Event: time 1733421458.385610, type 3 (EV_ABS), code 54 (ABS_MT_POSITION_Y), value 169
Event: time 1733421458.385610, type 3 (EV_ABS), code 0 (ABS_X), value 8489
Event: time 1733421458.385610, -------------- SYN_REPORT ------------
Event: time 1733421458.395640, type 3 (EV_ABS), code 54 (ABS_MT_POSITION_Y), value 168
Event: time 1733421458.395640, -------------- SYN_REPORT ------------
Event: time 1733421458.405802, type 3 (EV_ABS), code 54 (ABS_MT_POSITION_Y), value 167
Event: time 1733421458.405802, -------------- SYN_REPORT ------------
Event: time 1733421458.415978, type 3 (EV_ABS), code 54 (ABS_MT_POSITION_Y), value 166
Event: time 1733421458.415978, -------------- SYN_REPORT ------------
Event: time 1733421458.425821, type 3 (EV_ABS), code 54 (ABS_MT_POSITION_Y), value 165
Event: time 1733421458.425821, -------------- SYN_REPORT ------------
Event: time 1733421458.435715, type 3 (EV_ABS), code 54 (ABS_MT_POSITION_Y), value 164
Event: time 1733421458.435715, -------------- SYN_REPORT ------------
Event: time 1733421458.445807, type 3 (EV_ABS), code 54 (ABS_MT_POSITION_Y), value 163
Event: time 1733421458.445807, -------------- SYN_REPORT ------------
Event: time 1733421458.455701, type 3 (EV_ABS), code 54 (ABS_MT_POSITION_Y), value 162
Event: time 1733421458.455701, -------------- SYN_REPORT ------------
Event: time 1733421458.465657, type 3 (EV_ABS), code 54 (ABS_MT_POSITION_Y), value 161
Event: time 1733421458.465657, -------------- SYN_REPORT ------------
Event: time 1733421458.475863, type 3 (EV_ABS), code 54 (ABS_MT_POSITION_Y), value 160
Event: time 1733421458.475863, -------------- SYN_REPORT ------------
Event: time 1733421458.485934, type 3 (EV_ABS), code 54 (ABS_MT_POSITION_Y), value 159
Event: time 1733421458.485934, -------------- SYN_REPORT ------------
Event: time 1733421458.525943, type 3 (EV_ABS), code 47 (ABS_MT_SLOT), value 0
Event: time 1733421458.525943, type 3 (EV_ABS), code 53 (ABS_MT_POSITION_X), value 8488
Event: time 1733421458.525943, type 3 (EV_ABS), code 54 (ABS_MT_POSITION_Y), value 5290
Event: time 1733421458.525943, type 3 (EV_ABS), code 47 (ABS_MT_SLOT), value 1
Event: time 1733421458.525943, type 3 (EV_ABS), code 54 (ABS_MT_POSITION_Y), value 158
Event: time 1733421458.525943, type 3 (EV_ABS), code 0 (ABS_X), value 8488
Event: time 1733421458.525943, type 3 (EV_ABS), code 1 (ABS_Y), value 5290
Event: time 1733421458.525943, -------------- SYN_REPORT ------------
Event: time 1733421458.535870, type 3 (EV_ABS), code 54 (ABS_MT_POSITION_Y), value 157
Event: time 1733421458.535870, -------------- SYN_REPORT ------------
Event: time 1733421458.545825, type 3 (EV_ABS), code 53 (ABS_MT_POSITION_X), value 101
Event: time 1733421458.545825, type 3 (EV_ABS), code 54 (ABS_MT_POSITION_Y), value 155
Event: time 1733421458.545825, -------------- SYN_REPORT ------------
Event: time 1733421458.555645, type 3 (EV_ABS), code 47 (ABS_MT_SLOT), value 0
Event: time 1733421458.555645, type 3 (EV_ABS), code 54 (ABS_MT_POSITION_Y), value 5289
Event: time 1733421458.555645, type 3 (EV_ABS), code 47 (ABS_MT_SLOT), value 1
Event: time 1733421458.555645, type 3 (EV_ABS), code 53 (ABS_MT_POSITION_X), value 83
Event: time 1733421458.555645, type 3 (EV_ABS), code 54 (ABS_MT_POSITION_Y), value 151
Event: time 1733421458.555645, type 3 (EV_ABS), code 1 (ABS_Y), value 5289
Event: time 1733421458.555645, -------------- SYN_REPORT ------------
Event: time 1733421458.565518, type 3 (EV_ABS), code 47 (ABS_MT_SLOT), value 0
Event: time 1733421458.565518, type 3 (EV_ABS), code 53 (ABS_MT_POSITION_X), value 8487
Event: time 1733421458.565518, type 3 (EV_ABS), code 54 (ABS_MT_POSITION_Y), value 5288
Event: time 1733421458.565518, type 3 (EV_ABS), code 47 (ABS_MT_SLOT), value 1
Event: time 1733421458.565518, type 3 (EV_ABS), code 57 (ABS_MT_TRACKING_ID), value -1
Event: time 1733421458.565518, type 3 (EV_ABS), code 0 (ABS_X), value 8487
Event: time 1733421458.565518, type 3 (EV_ABS), code 1 (ABS_Y), value 5288
Event: time 1733421458.565518, -------------- SYN_REPORT ------------
Event: time 1733421458.575638, type 3 (EV_ABS), code 47 (ABS_MT_SLOT), value 0
Event: time 1733421458.575638, type 3 (EV_ABS), code 54 (ABS_MT_POSITION_Y), value 5287
Event: time 1733421458.575638, type 3 (EV_ABS), code 1 (ABS_Y), value 5287
Event: time 1733421458.575638, -------------- SYN_REPORT ------------
Event: time 1733421458.605624, type 3 (EV_ABS), code 53 (ABS_MT_POSITION_X), value 8486
Event: time 1733421458.605624, type 3 (EV_ABS), code 0 (ABS_X), value 8486
Event: time 1733421458.605624, -------------- SYN_REPORT ------------
Event: time 1733421458.665631, type 3 (EV_ABS), code 53 (ABS_MT_POSITION_X), value 8485
Event: time 1733421458.665631, type 3 (EV_ABS), code 0 (ABS_X), value 8485
Event: time 1733421458.665631, -------------- SYN_REPORT ------------
Event: time 1733421458.675686, type 3 (EV_ABS), code 53 (ABS_MT_POSITION_X), value 8484
Event: time 1733421458.675686, type 3 (EV_ABS), code 0 (ABS_X), value 8484
Event: time 1733421458.675686, -------------- SYN_REPORT ------------
Event: time 1733421458.705853, type 3 (EV_ABS), code 53 (ABS_MT_POSITION_X), value 8483
Event: time 1733421458.705853, type 3 (EV_ABS), code 0 (ABS_X), value 8483
Event: time 1733421458.705853, -------------- SYN_REPORT ------------
Event: time 1733421458.715669, type 3 (EV_ABS), code 53 (ABS_MT_POSITION_X), value 8482
Event: time 1733421458.715669, type 3 (EV_ABS), code 0 (ABS_X), value 8482
Event: time 1733421458.715669, -------------- SYN_REPORT ------------
Event: time 1733421458.725704, type 3 (EV_ABS), code 53 (ABS_MT_POSITION_X), value 8481
Event: time 1733421458.725704, type 3 (EV_ABS), code 0 (ABS_X), value 8481
Event: time 1733421458.725704, -------------- SYN_REPORT ------------
Event: time 1733421458.745690, type 3 (EV_ABS), code 53 (ABS_MT_POSITION_X), value 8480
Event: time 1733421458.745690, type 3 (EV_ABS), code 0 (ABS_X), value 8480
Event: time 1733421458.745690, -------------- SYN_REPORT ------------
Event: time 1733421458.755851, type 3 (EV_ABS), code 53 (ABS_MT_POSITION_X), value 8479
Event: time 1733421458.755851, type 3 (EV_ABS), code 0 (ABS_X), value 8479
Event: time 1733421458.755851, -------------- SYN_REPORT ------------
Event: time 1733421458.795859, type 3 (EV_ABS), code 53 (ABS_MT_POSITION_X), value 8478
Event: time 1733421458.795859, type 3 (EV_ABS), code 0 (ABS_X), value 8478
Event: time 1733421458.795859, -------------- SYN_REPORT ------------
Event: time 1733421458.805818, type 3 (EV_ABS), code 53 (ABS_MT_POSITION_X), value 8477
Event: time 1733421458.805818, type 3 (EV_ABS), code 54 (ABS_MT_POSITION_Y), value 5286
Event: time 1733421458.805818, type 3 (EV_ABS), code 0 (ABS_X), value 8477
Event: time 1733421458.805818, type 3 (EV_ABS), code 1 (ABS_Y), value 5286
Event: time 1733421458.805818, -------------- SYN_REPORT ------------
Event: time 1733421458.835987, type 3 (EV_ABS), code 53 (ABS_MT_POSITION_X), value 8476
Event: time 1733421458.835987, type 3 (EV_ABS), code 0 (ABS_X), value 8476
Event: time 1733421458.835987, -------------- SYN_REPORT ------------
Event: time 1733421458.895636, type 3 (EV_ABS), code 53 (ABS_MT_POSITION_X), value 8497
Event: time 1733421458.895636, type 3 (EV_ABS), code 0 (ABS_X), value 8497
Event: time 1733421458.895636, -------------- SYN_REPORT ------------
Event: time 1733421458.905499, type 3 (EV_ABS), code 57 (ABS_MT_TRACKING_ID), value -1
Event: time 1733421458.905499, type 1 (EV_KEY), code 330 (BTN_TOUCH), value 0
Event: time 1733421458.905499, -------------- SYN_REPORT ------------
